
> pubudu-portfolio@1.0.0 build
> npm run sitemap && vite build


> pubudu-portfolio@1.0.0 sitemap
> node scripts/generate-sitemap.js

🚀 Generating sitemap...
✅ Sitemap generated successfully at D:\pubudu-portfolio\public\sitemap.xml
   Total URLs: 10
[36mvite v6.4.1 [32mbuilding for production...[36m[39m
transforming...
[32m✓[39m 22 modules transformed.
[31m✗[39m Build failed in 505ms
[31merror during build:
[31m[vite-plugin-pwa:build] [plugin vite-plugin-pwa:build] src/styles/tailwind.css: There was an error during the build:
  Cannot apply unknown utility class `card`
Additionally, handling the error in the 'buildEnd' hook caused the following error:
  Cannot apply unknown utility class `card`[31m
file: [36mD:/pubudu-portfolio/src/styles/tailwind.css[31m
    at getRollupError (file:///D:/pubudu-portfolio/node_modules/rollup/dist/es/shared/parseAst.js:402:41)
    at file:///D:/pubudu-portfolio/node_modules/rollup/dist/es/shared/node-entry.js:23444:39
    at async catchUnfinishedHookActions (file:///D:/pubudu-portfolio/node_modules/rollup/dist/es/shared/node-entry.js:22902:16)
    at async rollupInternal (file:///D:/pubudu-portfolio/node_modules/rollup/dist/es/shared/node-entry.js:23427:5)
    at async buildEnvironment (file:///D:/pubudu-portfolio/node_modules/vite/dist/node/chunks/dep-D4NMHUTW.js:46235:14)
    at async Object.defaultBuildApp [as buildApp] (file:///D:/pubudu-portfolio/node_modules/vite/dist/node/chunks/dep-D4NMHUTW.js:46713:5)
    at async CAC.<anonymous> (file:///D:/pubudu-portfolio/node_modules/vite/dist/node/cli.js:863:7)[39m
